<?xml version="1.0" encoding="UTF-8"?>
<!-- Generated by org.testng.reporters.JUnitReportReporter -->
<testsuite skipped="0" hostname="DESKTOP-FA6CC26" name="com.testng.ParaTest" tests="1" failures="0" timestamp="29 Oct 2021 02:01:25 GMT" time="14.678" errors="0">
  <testcase name="loginPage" time="14.678" classname="com.testng.ParaTest"/>
</testsuite> <!-- com.testng.ParaTest -->
