<?xml version="1.0" encoding="UTF-8"?>
<!-- Generated by org.testng.reporters.JUnitReportReporter -->
<testsuite skipped="0" hostname="DESKTOP-FA6CC26" name="com.fest.AssertionTest" tests="1" failures="0" timestamp="03 Nov 2021 01:17:23 GMT" time="41.112" errors="0">
  <testcase name="joinPage" time="41.112" classname="com.fest.AssertionTest"/>
</testsuite> <!-- com.fest.AssertionTest -->
