<?xml version="1.0" encoding="UTF-8"?>
<!-- Generated by org.testng.reporters.JUnitReportReporter -->
<testsuite skipped="0" hostname="DESKTOP-FA6CC26" name="com.testng.AttributesTest" tests="4" failures="0" timestamp="27 Oct 2021 01:54:29 GMT" time="0.019" errors="0">
  <testcase name="grapes" time="0.011" classname="com.testng.AttributesTest"/>
  <testcase name="sapota" time="0.004" classname="com.testng.AttributesTest"/>
  <testcase name="mango" time="0.001" classname="com.testng.AttributesTest"/>
  <testcase name="banana" time="0.003" classname="com.testng.AttributesTest"/>
</testsuite> <!-- com.testng.AttributesTest -->
