<?xml version="1.0" encoding="UTF-8"?>
<!-- Generated by org.testng.reporters.JUnitReportReporter -->
<testsuite skipped="0" hostname="DESKTOP-FA6CC26" name="com.testng.WindowsTest" tests="1" failures="0" timestamp="27 Oct 2021 02:30:29 GMT" time="14.932" errors="0">
  <testcase name="orangeHrmWindow" time="14.932" classname="com.testng.WindowsTest"/>
</testsuite> <!-- com.testng.WindowsTest -->
