<?xml version="1.0" encoding="UTF-8"?>
<!-- Generated by org.testng.reporters.JUnitReportReporter -->
<testsuite skipped="0" hostname="DESKTOP-FA6CC26" name="com.task.IHGTest" tests="1" failures="0" timestamp="01 Nov 2021 02:16:21 GMT" time="14.504" errors="0">
  <testcase name="JoinPage" time="14.504" classname="com.task.IHGTest"/>
</testsuite> <!-- com.task.IHGTest -->
