<?xml version="1.0" encoding="UTF-8"?>
<!-- Generated by org.testng.reporters.JUnitReportReporter -->
<testsuite skipped="0" hostname="DESKTOP-FA6CC26" name="com.task.ExcelTest" tests="1" failures="0" timestamp="01 Nov 2021 01:40:28 GMT" time="1.409" errors="0">
  <testcase name="data" time="1.409" classname="com.task.ExcelTest"/>
</testsuite> <!-- com.task.ExcelTest -->
