<?xml version="1.0" encoding="UTF-8"?>
<!-- Generated by org.testng.reporters.JUnitReportReporter -->
<testsuite skipped="0" hostname="DESKTOP-FA6CC26" name="com.testng.GroupsTest" tests="3" failures="0" timestamp="27 Oct 2021 02:30:29 GMT" time="0.022" errors="0">
  <testcase name="three" time="0.007" classname="com.testng.GroupsTest"/>
  <testcase name="one" time="0.001" classname="com.testng.GroupsTest"/>
  <testcase name="two" time="0.014" classname="com.testng.GroupsTest"/>
</testsuite> <!-- com.testng.GroupsTest -->
