<?xml version="1.0" encoding="UTF-8"?>
<!-- Generated by org.testng.reporters.JUnitReportReporter -->
<testsuite skipped="2" hostname="DESKTOP-FA6CC26" name="com.testng.SkipTest" tests="4" failures="0" timestamp="27 Oct 2021 02:30:29 GMT" time="0.005" errors="0">
  <testcase name="pomo" time="0.003" classname="com.testng.SkipTest"/>
  <testcase name="manago" time="0.002" classname="com.testng.SkipTest"/>
  <testcase name="banana" classname="com.testng.SkipTest">
    <skipped/>
  </testcase> <!-- banana -->
  <testcase name="grapes" classname="com.testng.SkipTest">
    <skipped/>
  </testcase> <!-- grapes -->
</testsuite> <!-- com.testng.SkipTest -->
