<?xml version="1.0" encoding="UTF-8"?>
<!-- Generated by org.testng.reporters.JUnitReportReporter -->
<testsuite skipped="0" hostname="DESKTOP-FA6CC26" name="com.fest.OrangeTest" tests="1" failures="0" timestamp="01 Nov 2021 02:19:16 GMT" time="10.852" errors="0">
  <testcase name="login" time="10.852" classname="com.fest.OrangeTest"/>
</testsuite> <!-- com.fest.OrangeTest -->
