<?xml version="1.0" encoding="UTF-8"?>
<!-- Generated by org.testng.reporters.JUnitReportReporter -->
<testsuite skipped="0" hostname="DESKTOP-FA6CC26" name="com.testng.DataTest" tests="1" failures="0" timestamp="29 Oct 2021 02:16:44 GMT" time="12.173" errors="0">
  <testcase name="login" time="12.173" classname="com.testng.DataTest"/>
</testsuite> <!-- com.testng.DataTest -->
