<?xml version="1.0" encoding="UTF-8"?>
<!-- Generated by org.testng.reporters.JUnitReportReporter -->
<testsuite skipped="0" hostname="DESKTOP-FA6CC26" name="com.testng.MultipleTest" tests="4" failures="0" timestamp="27 Oct 2021 02:30:29 GMT" time="0.011" errors="0">
  <testcase name="banana" time="0.002" classname="com.testng.MultipleTest"/>
  <testcase name="sapota" time="0.004" classname="com.testng.MultipleTest"/>
  <testcase name="grapes" time="0.003" classname="com.testng.MultipleTest"/>
  <testcase name="mango" time="0.002" classname="com.testng.MultipleTest"/>
</testsuite> <!-- com.testng.MultipleTest -->
