<?xml version="1.0" encoding="UTF-8"?>
<!-- Generated by org.testng.reporters.JUnitReportReporter -->
<testsuite skipped="0" hostname="DESKTOP-FA6CC26" name="com.testng.FruitsTest" tests="1" failures="0" timestamp="27 Oct 2021 02:30:29 GMT" time="0.002" errors="0">
  <testcase name="pomo" time="0.002" classname="com.testng.FruitsTest"/>
</testsuite> <!-- com.testng.FruitsTest -->
