<?xml version="1.0" encoding="UTF-8"?>
<!-- Generated by org.testng.reporters.JUnitReportReporter -->
<testsuite skipped="0" hostname="DESKTOP-FA6CC26" name="com.fest.FacebookTest" tests="1" failures="0" timestamp="01 Nov 2021 02:19:16 GMT" time="7.827" errors="0">
  <testcase name="fb" time="7.827" classname="com.fest.FacebookTest"/>
</testsuite> <!-- com.fest.FacebookTest -->
