<?xml version="1.0" encoding="UTF-8"?>
<!-- Generated by org.testng.reporters.JUnitReportReporter -->
<testsuite skipped="0" hostname="DESKTOP-FA6CC26" name="com.task.ExcelDataTest" tests="2" failures="0" timestamp="01 Nov 2021 02:00:56 GMT" time="21.228" errors="0">
  <testcase name="ihgLogin" time="13.393" classname="com.task.ExcelDataTest"/>
  <testcase name="ihgLogin" time="7.835" classname="com.task.ExcelDataTest"/>
</testsuite> <!-- com.task.ExcelDataTest -->
